<?xml version="1.0" encoding="UTF-8"?>
<!-- Generated by org.testng.reporters.JUnitReportReporter -->
<testsuite hostname="SprintSynergy-PC" failures="0" tests="6" name="org.TestLogin" time="69.768" errors="0" timestamp="2025-04-25T19:36:24 PKT" skipped="0">
  <testcase classname="org.TestLogin" name="testInvalidLogin" time="15.646"/>
  <testcase classname="org.TestLogin" name="testInvalidLogin" time="10.500"/>
  <testcase classname="org.TestLogin" name="testInvalidLogin" time="9.772"/>
  <testcase classname="org.TestLogin" name="testInvalidLogin" time="9.918"/>
  <testcase classname="org.TestLogin" name="testValidLogin" time="8.911"/>
  <testcase classname="org.TestLogin" name="testInvalidLogin" time="15.021"/>
</testsuite> <!-- org.TestLogin -->
