<?xml version="1.0" encoding="UTF-8"?>
<!-- Generated by org.testng.reporters.JUnitReportReporter -->
<testsuite hostname="DESKTOP-PDKO9IS" failures="0" tests="6" name="org.UserLoginTest" time="55.686" errors="0" timestamp="2025-05-12T18:44:02 PKT" skipped="0">
  <testcase classname="org.UserLoginTest" name="testInvalidLogin" time="12.052"/>
  <testcase classname="org.UserLoginTest" name="testInvalidLogin" time="6.514"/>
  <testcase classname="org.UserLoginTest" name="testInvalidLogin" time="12.553"/>
  <testcase classname="org.UserLoginTest" name="testValidLogin" time="10.320"/>
  <testcase classname="org.UserLoginTest" name="testInvalidLogin" time="7.754"/>
  <testcase classname="org.UserLoginTest" name="testInvalidLogin" time="6.493"/>
</testsuite> <!-- org.UserLoginTest -->
