<?xml version="1.0" encoding="UTF-8"?>
<!-- Generated by org.testng.reporters.JUnitReportReporter -->
<testsuite hostname="DESKTOP-PDKO9IS" failures="0" tests="6" name="org.UserLoginTest" time="56.929" errors="0" timestamp="2025-05-13T14:16:39 PKT" skipped="0">
  <testcase classname="org.UserLoginTest" name="testInvalidLogin" time="7.949"/>
  <testcase classname="org.UserLoginTest" name="testInvalidLogin" time="7.867"/>
  <testcase classname="org.UserLoginTest" name="testInvalidLogin" time="13.260"/>
  <testcase classname="org.UserLoginTest" name="testInvalidLogin" time="6.797"/>
  <testcase classname="org.UserLoginTest" name="testValidLogin" time="9.137"/>
  <testcase classname="org.UserLoginTest" name="testInvalidLogin" time="11.919"/>
</testsuite> <!-- org.UserLoginTest -->
