<?xml version="1.0" encoding="UTF-8"?>
<!-- Generated by org.testng.reporters.JUnitReportReporter -->
<testsuite hostname="SprintSynergy-PC" failures="0" tests="6" name="org.TestLogin" time="85.584" errors="0" timestamp="2025-05-07T19:49:46 PKT" skipped="0">
  <testcase classname="org.TestLogin" name="testInvalidLogin" time="10.217"/>
  <testcase classname="org.TestLogin" name="testInvalidLogin" time="12.009"/>
  <testcase classname="org.TestLogin" name="testInvalidLogin" time="10.869"/>
  <testcase classname="org.TestLogin" name="testValidLogin" time="10.615"/>
  <testcase classname="org.TestLogin" name="testInvalidLogin" time="22.750"/>
  <testcase classname="org.TestLogin" name="testInvalidLogin" time="19.124"/>
</testsuite> <!-- org.TestLogin -->
